<?xml version="1.0" encoding="UTF-8"?>
<!-- Generated by org.testng.reporters.JUnitXMLReporter -->
<testsuite ignored="36" hostname="LAPTOP-VM4BS85A" failures="2" tests="10" name="Test" time="189.375" errors="0" timestamp="2024-11-29T23:29:13 IST">
  <testcase classname="test.Tc1_navigatetobestbuy" name="navigate" time="0.788"/>
  <testcase classname="test.Tc2_validate" name="validateUrl" time="11.155"/>
  <testcase classname="test.Tc3_createAccount" name="createAccount" time="21.949"/>
  <testcase classname="test.Tc3_signUp" name="signUpData" time="11.66"/>
  <testcase classname="test.Tc4_navigateAllMenu" name="testMenuNavigation" time="48.676"/>
  <testcase classname="test.Tc5_ValidateBottom" name="bottomLinkTest" time="5.921"/>
  <testcase classname="test.Tc6_SearchItemToCart" name="searchAddToCart" time="35.7"/>
  <testcase classname="test.Tc7_ShopByDepartment" name="selectShopByDepartment" time="43.785"/>
  <testcase classname="test.Tc8_ShopByBrand" name="selectShopByBrand" time="1.461">
    <failure type="org.openqa.selenium.ElementClickInterceptedException" message="element click intercepted: Element &amp;lt;button class=&amp;quot;c-button-unstyled hamburger-menu-button&amp;quot; type=&amp;quot;button&amp;quot; aria-controls=&amp;quot;flyout-container&amp;quot; aria-expanded=&amp;quot;false&amp;quot; aria-label=&amp;quot;Menu&amp;quot;&amp;gt;...&amp;lt;/button&amp;gt; is not clickable at point (350, 109). Other element would receive the click: &amp;lt;div class=&amp;quot;c-modal-window imp-centered-modal active&amp;quot; tabindex=&amp;quot;-1&amp;quot; data-testid=&amp;quot;centered-modal&amp;quot;&amp;gt;...&amp;lt;/div&amp;gt;
  (Session info: chrome=131.0.6778.86)
Build info: version: &amp;apos;4.22.0&amp;apos;, revision: &amp;apos;c5f3146703*&amp;apos;
System info: os.name: &amp;apos;Windows 11&amp;apos;, os.arch: &amp;apos;amd64&amp;apos;, os.version: &amp;apos;10.0&amp;apos;, java.version: &amp;apos;22.0.1&amp;apos;
Driver info: org.openqa.selenium.chrome.ChromeDriver
Command: [19e2b574e945ea97752560c087682fc4, clickElement {id=f.496C7EB1EF4EEF6064FF032CCC7E024F.d.1F73683784B3F85D583E1DFBD2A62F46.e.1705}]
Capabilities {acceptInsecureCerts: false, browserName: chrome, browserVersion: 131.0.6778.86, chrome: {chromedriverVersion: 131.0.6778.85 (3d81e41b6f3a..., userDataDir: C:\Users\HARIHA~1\AppData\L...}, fedcm:accounts: true, goog:chromeOptions: {debuggerAddress: localhost:53267}, networkConnectionEnabled: false, pageLoadStrategy: normal, platformName: windows, proxy: Proxy(), se:cdp: ws://localhost:53267/devtoo..., se:cdpVersion: 131.0.6778.86, setWindowRect: true, strictFileInteractability: false, timeouts: {implicit: 0, pageLoad: 300000, script: 30000}, unhandledPromptBehavior: dismiss and notify, webauthn:extension:credBlob: true, webauthn:extension:largeBlob: true, webauthn:extension:minPinLength: true, webauthn:extension:prf: true, webauthn:virtualAuthenticators: true}
Element: [[ChromeDriver: chrome on windows (19e2b574e945ea97752560c087682fc4)] -&amp;gt; xpath: //button[@aria-label=&amp;apos;Menu&amp;apos;]]
Session ID: 19e2b574e945ea97752560c087682fc4">
      <![CDATA[org.openqa.selenium.ElementClickInterceptedException: element click intercepted: Element <button class="c-button-unstyled hamburger-menu-button" type="button" aria-controls="flyout-container" aria-expanded="false" aria-label="Menu">...</button> is not clickable at point (350, 109). Other element would receive the click: <div class="c-modal-window imp-centered-modal active" tabindex="-1" data-testid="centered-modal">...</div>
  (Session info: chrome=131.0.6778.86)
Build info: version: '4.22.0', revision: 'c5f3146703*'
System info: os.name: 'Windows 11', os.arch: 'amd64', os.version: '10.0', java.version: '22.0.1'
Driver info: org.openqa.selenium.chrome.ChromeDriver
Command: [19e2b574e945ea97752560c087682fc4, clickElement {id=f.496C7EB1EF4EEF6064FF032CCC7E024F.d.1F73683784B3F85D583E1DFBD2A62F46.e.1705}]
Capabilities {acceptInsecureCerts: false, browserName: chrome, browserVersion: 131.0.6778.86, chrome: {chromedriverVersion: 131.0.6778.85 (3d81e41b6f3a..., userDataDir: C:\Users\HARIHA~1\AppData\L...}, fedcm:accounts: true, goog:chromeOptions: {debuggerAddress: localhost:53267}, networkConnectionEnabled: false, pageLoadStrategy: normal, platformName: windows, proxy: Proxy(), se:cdp: ws://localhost:53267/devtoo..., se:cdpVersion: 131.0.6778.86, setWindowRect: true, strictFileInteractability: false, timeouts: {implicit: 0, pageLoad: 300000, script: 30000}, unhandledPromptBehavior: dismiss and notify, webauthn:extension:credBlob: true, webauthn:extension:largeBlob: true, webauthn:extension:minPinLength: true, webauthn:extension:prf: true, webauthn:virtualAuthenticators: true}
Element: [[ChromeDriver: chrome on windows (19e2b574e945ea97752560c087682fc4)] -> xpath: //button[@aria-label='Menu']]
Session ID: 19e2b574e945ea97752560c087682fc4
at org.openqa.selenium.remote.ErrorCodec.decode(ErrorCodec.java:167)
at org.openqa.selenium.remote.codec.w3c.W3CHttpResponseCodec.decode(W3CHttpResponseCodec.java:138)
at org.openqa.selenium.remote.codec.w3c.W3CHttpResponseCodec.decode(W3CHttpResponseCodec.java:50)
at org.openqa.selenium.remote.HttpCommandExecutor.execute(HttpCommandExecutor.java:190)
at org.openqa.selenium.remote.service.DriverCommandExecutor.invokeExecute(DriverCommandExecutor.java:216)
at org.openqa.selenium.remote.service.DriverCommandExecutor.execute(DriverCommandExecutor.java:174)
at org.openqa.selenium.remote.RemoteWebDriver.execute(RemoteWebDriver.java:518)
at org.openqa.selenium.remote.RemoteWebElement.execute(RemoteWebElement.java:223)
at org.openqa.selenium.remote.RemoteWebElement.click(RemoteWebElement.java:76)
at org.openqa.selenium.support.pagefactory.internal.LocatingElementHandler.invoke(LocatingElementHandler.java:51)
at jdk.proxy2/jdk.proxy2.$Proxy18.click(Unknown Source)
at pages.HomePageBB.selectBrand(HomePageBB.java:141)
at test.Tc8_ShopByBrand.selectShopByBrand(Tc8_ShopByBrand.java:27)
at java.base/java.util.ArrayList.forEach(ArrayList.java:1597)
... Removed 30 stack frames]]>
    </failure>
  </testcase> <!-- selectShopByBrand -->
  <testcase classname="test.Tc9_CheckOutAndPayment" name="checkOut" time="1.385">
    <failure type="org.openqa.selenium.ElementClickInterceptedException" message="element click intercepted: Element &amp;lt;button class=&amp;quot;c-button-unstyled hamburger-menu-button&amp;quot; type=&amp;quot;button&amp;quot; aria-controls=&amp;quot;flyout-container&amp;quot; aria-expanded=&amp;quot;false&amp;quot; aria-label=&amp;quot;Menu&amp;quot;&amp;gt;...&amp;lt;/button&amp;gt; is not clickable at point (350, 109). Other element would receive the click: &amp;lt;div class=&amp;quot;c-modal-window imp-centered-modal active&amp;quot; tabindex=&amp;quot;-1&amp;quot; data-testid=&amp;quot;centered-modal&amp;quot;&amp;gt;...&amp;lt;/div&amp;gt;
  (Session info: chrome=131.0.6778.86)
Build info: version: &amp;apos;4.22.0&amp;apos;, revision: &amp;apos;c5f3146703*&amp;apos;
System info: os.name: &amp;apos;Windows 11&amp;apos;, os.arch: &amp;apos;amd64&amp;apos;, os.version: &amp;apos;10.0&amp;apos;, java.version: &amp;apos;22.0.1&amp;apos;
Driver info: org.openqa.selenium.chrome.ChromeDriver
Command: [19e2b574e945ea97752560c087682fc4, clickElement {id=f.496C7EB1EF4EEF6064FF032CCC7E024F.d.1F73683784B3F85D583E1DFBD2A62F46.e.1705}]
Capabilities {acceptInsecureCerts: false, browserName: chrome, browserVersion: 131.0.6778.86, chrome: {chromedriverVersion: 131.0.6778.85 (3d81e41b6f3a..., userDataDir: C:\Users\HARIHA~1\AppData\L...}, fedcm:accounts: true, goog:chromeOptions: {debuggerAddress: localhost:53267}, networkConnectionEnabled: false, pageLoadStrategy: normal, platformName: windows, proxy: Proxy(), se:cdp: ws://localhost:53267/devtoo..., se:cdpVersion: 131.0.6778.86, setWindowRect: true, strictFileInteractability: false, timeouts: {implicit: 0, pageLoad: 300000, script: 30000}, unhandledPromptBehavior: dismiss and notify, webauthn:extension:credBlob: true, webauthn:extension:largeBlob: true, webauthn:extension:minPinLength: true, webauthn:extension:prf: true, webauthn:virtualAuthenticators: true}
Element: [[ChromeDriver: chrome on windows (19e2b574e945ea97752560c087682fc4)] -&amp;gt; xpath: //button[@aria-label=&amp;apos;Menu&amp;apos;]]
Session ID: 19e2b574e945ea97752560c087682fc4">
      <![CDATA[org.openqa.selenium.ElementClickInterceptedException: element click intercepted: Element <button class="c-button-unstyled hamburger-menu-button" type="button" aria-controls="flyout-container" aria-expanded="false" aria-label="Menu">...</button> is not clickable at point (350, 109). Other element would receive the click: <div class="c-modal-window imp-centered-modal active" tabindex="-1" data-testid="centered-modal">...</div>
  (Session info: chrome=131.0.6778.86)
Build info: version: '4.22.0', revision: 'c5f3146703*'
System info: os.name: 'Windows 11', os.arch: 'amd64', os.version: '10.0', java.version: '22.0.1'
Driver info: org.openqa.selenium.chrome.ChromeDriver
Command: [19e2b574e945ea97752560c087682fc4, clickElement {id=f.496C7EB1EF4EEF6064FF032CCC7E024F.d.1F73683784B3F85D583E1DFBD2A62F46.e.1705}]
Capabilities {acceptInsecureCerts: false, browserName: chrome, browserVersion: 131.0.6778.86, chrome: {chromedriverVersion: 131.0.6778.85 (3d81e41b6f3a..., userDataDir: C:\Users\HARIHA~1\AppData\L...}, fedcm:accounts: true, goog:chromeOptions: {debuggerAddress: localhost:53267}, networkConnectionEnabled: false, pageLoadStrategy: normal, platformName: windows, proxy: Proxy(), se:cdp: ws://localhost:53267/devtoo..., se:cdpVersion: 131.0.6778.86, setWindowRect: true, strictFileInteractability: false, timeouts: {implicit: 0, pageLoad: 300000, script: 30000}, unhandledPromptBehavior: dismiss and notify, webauthn:extension:credBlob: true, webauthn:extension:largeBlob: true, webauthn:extension:minPinLength: true, webauthn:extension:prf: true, webauthn:virtualAuthenticators: true}
Element: [[ChromeDriver: chrome on windows (19e2b574e945ea97752560c087682fc4)] -> xpath: //button[@aria-label='Menu']]
Session ID: 19e2b574e945ea97752560c087682fc4
at org.openqa.selenium.remote.ErrorCodec.decode(ErrorCodec.java:167)
at org.openqa.selenium.remote.codec.w3c.W3CHttpResponseCodec.decode(W3CHttpResponseCodec.java:138)
at org.openqa.selenium.remote.codec.w3c.W3CHttpResponseCodec.decode(W3CHttpResponseCodec.java:50)
at org.openqa.selenium.remote.HttpCommandExecutor.execute(HttpCommandExecutor.java:190)
at org.openqa.selenium.remote.service.DriverCommandExecutor.invokeExecute(DriverCommandExecutor.java:216)
at org.openqa.selenium.remote.service.DriverCommandExecutor.execute(DriverCommandExecutor.java:174)
at org.openqa.selenium.remote.RemoteWebDriver.execute(RemoteWebDriver.java:518)
at org.openqa.selenium.remote.RemoteWebElement.execute(RemoteWebElement.java:223)
at org.openqa.selenium.remote.RemoteWebElement.click(RemoteWebElement.java:76)
at org.openqa.selenium.support.pagefactory.internal.LocatingElementHandler.invoke(LocatingElementHandler.java:51)
at jdk.proxy2/jdk.proxy2.$Proxy18.click(Unknown Source)
at pages.HomePageBB.selectBrand(HomePageBB.java:141)
at test.Tc9_CheckOutAndPayment.checkOut(Tc9_CheckOutAndPayment.java:29)
at java.base/java.util.ArrayList.forEach(ArrayList.java:1597)
... Removed 30 stack frames]]>
    </failure>
  </testcase> <!-- checkOut -->
  <testcase classname="base.BaseBB" name="@BeforeTest browserLanch" time="0.0">
    <ignored/>
  </testcase> <!-- @BeforeTest browserLanch -->
  <testcase classname="base.BaseBB" name="@BeforeSuite reportInitilization" time="0.0">
    <ignored/>
  </testcase> <!-- @BeforeSuite reportInitilization -->
  <testcase classname="base.BaseBB" name="@BeforeTest browserLanch" time="0.0">
    <ignored/>
  </testcase> <!-- @BeforeTest browserLanch -->
  <testcase classname="base.BaseBB" name="@AfterSuite reportClose" time="0.0">
    <ignored/>
  </testcase> <!-- @AfterSuite reportClose -->
  <testcase classname="base.BaseBB" name="@BeforeSuite reportInitilization" time="0.0">
    <ignored/>
  </testcase> <!-- @BeforeSuite reportInitilization -->
  <testcase classname="base.BaseBB" name="@BeforeSuite reportInitilization" time="0.0">
    <ignored/>
  </testcase> <!-- @BeforeSuite reportInitilization -->
  <testcase classname="base.BaseBB" name="@AfterTest browserClose" time="0.0">
    <ignored/>
  </testcase> <!-- @AfterTest browserClose -->
  <testcase classname="base.BaseBB" name="@BeforeTest browserLanch" time="0.0">
    <ignored/>
  </testcase> <!-- @BeforeTest browserLanch -->
  <testcase classname="base.BaseBB" name="@AfterSuite reportClose" time="0.0">
    <ignored/>
  </testcase> <!-- @AfterSuite reportClose -->
  <testcase classname="base.BaseBB" name="@AfterSuite reportClose" time="0.0">
    <ignored/>
  </testcase> <!-- @AfterSuite reportClose -->
  <testcase classname="base.BaseBB" name="@BeforeTest browserLanch" time="0.0">
    <ignored/>
  </testcase> <!-- @BeforeTest browserLanch -->
  <testcase classname="base.BaseBB" name="@BeforeSuite reportInitilization" time="0.0">
    <ignored/>
  </testcase> <!-- @BeforeSuite reportInitilization -->
  <testcase classname="base.BaseBB" name="@AfterTest browserClose" time="0.0">
    <ignored/>
  </testcase> <!-- @AfterTest browserClose -->
  <testcase classname="base.BaseBB" name="@AfterSuite reportClose" time="0.0">
    <ignored/>
  </testcase> <!-- @AfterSuite reportClose -->
  <testcase classname="base.BaseBB" name="@BeforeSuite reportInitilization" time="0.0">
    <ignored/>
  </testcase> <!-- @BeforeSuite reportInitilization -->
  <testcase classname="base.BaseBB" name="@BeforeSuite reportInitilization" time="0.0">
    <ignored/>
  </testcase> <!-- @BeforeSuite reportInitilization -->
  <testcase classname="base.BaseBB" name="@BeforeTest browserLanch" time="0.0">
    <ignored/>
  </testcase> <!-- @BeforeTest browserLanch -->
  <testcase classname="base.BaseBB" name="@AfterSuite reportClose" time="0.0">
    <ignored/>
  </testcase> <!-- @AfterSuite reportClose -->
  <testcase classname="base.BaseBB" name="@BeforeSuite reportInitilization" time="0.0">
    <ignored/>
  </testcase> <!-- @BeforeSuite reportInitilization -->
  <testcase classname="base.BaseBB" name="@BeforeTest browserLanch" time="0.0">
    <ignored/>
  </testcase> <!-- @BeforeTest browserLanch -->
  <testcase classname="base.BaseBB" name="@AfterTest browserClose" time="0.0">
    <ignored/>
  </testcase> <!-- @AfterTest browserClose -->
  <testcase classname="base.BaseBB" name="@AfterTest browserClose" time="0.0">
    <ignored/>
  </testcase> <!-- @AfterTest browserClose -->
  <testcase classname="base.BaseBB" name="@BeforeSuite reportInitilization" time="0.0">
    <ignored/>
  </testcase> <!-- @BeforeSuite reportInitilization -->
  <testcase classname="base.BaseBB" name="@AfterTest browserClose" time="0.0">
    <ignored/>
  </testcase> <!-- @AfterTest browserClose -->
  <testcase classname="base.BaseBB" name="@AfterSuite reportClose" time="0.0">
    <ignored/>
  </testcase> <!-- @AfterSuite reportClose -->
  <testcase classname="base.BaseBB" name="@AfterSuite reportClose" time="0.0">
    <ignored/>
  </testcase> <!-- @AfterSuite reportClose -->
  <testcase classname="base.BaseBB" name="@BeforeTest browserLanch" time="0.0">
    <ignored/>
  </testcase> <!-- @BeforeTest browserLanch -->
  <testcase classname="base.BaseBB" name="@BeforeTest browserLanch" time="0.0">
    <ignored/>
  </testcase> <!-- @BeforeTest browserLanch -->
  <testcase classname="base.BaseBB" name="@AfterTest browserClose" time="0.0">
    <ignored/>
  </testcase> <!-- @AfterTest browserClose -->
  <testcase classname="base.BaseBB" name="@BeforeTest browserLanch" time="0.0">
    <ignored/>
  </testcase> <!-- @BeforeTest browserLanch -->
  <testcase classname="base.BaseBB" name="@AfterTest browserClose" time="0.0">
    <ignored/>
  </testcase> <!-- @AfterTest browserClose -->
  <testcase classname="base.BaseBB" name="@AfterSuite reportClose" time="0.0">
    <ignored/>
  </testcase> <!-- @AfterSuite reportClose -->
  <testcase classname="base.BaseBB" name="@AfterSuite reportClose" time="0.0">
    <ignored/>
  </testcase> <!-- @AfterSuite reportClose -->
  <testcase classname="base.BaseBB" name="@BeforeSuite reportInitilization" time="0.0">
    <ignored/>
  </testcase> <!-- @BeforeSuite reportInitilization -->
  <testcase classname="base.BaseBB" name="@AfterTest browserClose" time="0.0">
    <ignored/>
  </testcase> <!-- @AfterTest browserClose -->
  <testcase classname="base.BaseBB" name="@AfterTest browserClose" time="0.0">
    <ignored/>
  </testcase> <!-- @AfterTest browserClose -->
</testsuite> <!-- Test -->
