<?xml version="1.0" encoding="UTF-8"?>
<testng-results ignored="0" total="10" passed="8" failed="2" skipped="0">
  <reporter-output>
  </reporter-output>
  <suite started-at="2024-11-29T23:26:04 IST" name="Suite" finished-at="2024-11-29T23:29:13 IST" duration-ms="189375">
    <groups>
    </groups>
    <test started-at="2024-11-29T23:26:04 IST" name="Test" finished-at="2024-11-29T23:29:13 IST" duration-ms="189375">
      <class name="test.Tc1_navigatetobestbuy">
        <test-method is-config="true" signature="reportInitilization()[pri:0, instance:test.Tc1_navigatetobestbuy@2de23121]" started-at="2024-11-29T23:26:03 IST" name="reportInitilization" finished-at="2024-11-29T23:26:04 IST" duration-ms="448" status="PASS">
          <reporter-output>
          </reporter-output>
        </test-method> <!-- reportInitilization -->
        <test-method is-config="true" signature="browserLanch()[pri:0, instance:test.Tc1_navigatetobestbuy@2de23121]" started-at="2024-11-29T23:26:04 IST" name="browserLanch" finished-at="2024-11-29T23:26:09 IST" duration-ms="4823" status="PASS">
          <reporter-output>
          </reporter-output>
        </test-method> <!-- browserLanch -->
        <test-method is-config="true" signature="setup()[pri:0, instance:test.Tc1_navigatetobestbuy@2de23121]" started-at="2024-11-29T23:26:09 IST" name="setup" finished-at="2024-11-29T23:26:09 IST" depends-on-methods="base.BaseBB.browserLanch" duration-ms="1" status="PASS">
          <reporter-output>
          </reporter-output>
        </test-method> <!-- setup -->
        <test-method is-config="true" signature="testDetails()[pri:0, instance:test.Tc1_navigatetobestbuy@2de23121]" started-at="2024-11-29T23:26:09 IST" name="testDetails" finished-at="2024-11-29T23:26:09 IST" duration-ms="13" status="PASS">
          <reporter-output>
          </reporter-output>
        </test-method> <!-- testDetails -->
        <test-method signature="navigate()[pri:1, instance:test.Tc1_navigatetobestbuy@2de23121]" started-at="2024-11-29T23:26:09 IST" name="navigate" finished-at="2024-11-29T23:26:09 IST" duration-ms="788" status="PASS">
          <reporter-output>
          </reporter-output>
        </test-method> <!-- navigate -->
        <test-method is-config="true" signature="browserClose()[pri:0, instance:test.Tc1_navigatetobestbuy@2de23121]" started-at="2024-11-29T23:29:13 IST" name="browserClose" finished-at="2024-11-29T23:29:13 IST" duration-ms="254" status="PASS">
          <reporter-output>
          </reporter-output>
        </test-method> <!-- browserClose -->
        <test-method is-config="true" signature="reportClose()[pri:0, instance:test.Tc1_navigatetobestbuy@2de23121]" started-at="2024-11-29T23:29:13 IST" name="reportClose" finished-at="2024-11-29T23:29:14 IST" duration-ms="721" status="PASS">
          <reporter-output>
          </reporter-output>
        </test-method> <!-- reportClose -->
      </class> <!-- test.Tc1_navigatetobestbuy -->
      <class name="test.Tc6_SearchItemToCart">
        <test-method is-config="true" signature="setup()[pri:0, instance:test.Tc6_SearchItemToCart@13b6aecc]" started-at="2024-11-29T23:26:09 IST" name="setup" finished-at="2024-11-29T23:26:09 IST" depends-on-methods="base.BaseBB.browserLanch" duration-ms="1" status="PASS">
          <reporter-output>
          </reporter-output>
        </test-method> <!-- setup -->
        <test-method signature="searchAddToCart()[pri:7, instance:test.Tc6_SearchItemToCart@13b6aecc]" started-at="2024-11-29T23:27:50 IST" name="searchAddToCart" finished-at="2024-11-29T23:28:26 IST" duration-ms="35700" status="PASS">
          <reporter-output>
          </reporter-output>
        </test-method> <!-- searchAddToCart -->
        <test-method is-config="true" signature="testDetails()[pri:0, instance:test.Tc6_SearchItemToCart@13b6aecc]" started-at="2024-11-29T23:27:50 IST" name="testDetails" finished-at="2024-11-29T23:27:50 IST" duration-ms="0" status="PASS">
          <reporter-output>
          </reporter-output>
        </test-method> <!-- testDetails -->
      </class> <!-- test.Tc6_SearchItemToCart -->
      <class name="test.Tc4_navigateAllMenu">
        <test-method is-config="true" signature="setup()[pri:0, instance:test.Tc4_navigateAllMenu@17f7cd29]" started-at="2024-11-29T23:26:09 IST" name="setup" finished-at="2024-11-29T23:26:09 IST" depends-on-methods="base.BaseBB.browserLanch" duration-ms="0" status="PASS">
          <reporter-output>
          </reporter-output>
        </test-method> <!-- setup -->
        <test-method signature="testMenuNavigation()[pri:5, instance:test.Tc4_navigateAllMenu@17f7cd29]" started-at="2024-11-29T23:26:56 IST" name="testMenuNavigation" finished-at="2024-11-29T23:27:45 IST" duration-ms="48676" status="PASS">
          <reporter-output>
          </reporter-output>
        </test-method> <!-- testMenuNavigation -->
        <test-method is-config="true" signature="testDetails()[pri:0, instance:test.Tc4_navigateAllMenu@17f7cd29]" started-at="2024-11-29T23:26:56 IST" name="testDetails" finished-at="2024-11-29T23:26:56 IST" duration-ms="0" status="PASS">
          <reporter-output>
          </reporter-output>
        </test-method> <!-- testDetails -->
      </class> <!-- test.Tc4_navigateAllMenu -->
      <class name="test.Tc3_createAccount">
        <test-method is-config="true" signature="setup()[pri:0, instance:test.Tc3_createAccount@bccb269]" started-at="2024-11-29T23:26:09 IST" name="setup" finished-at="2024-11-29T23:26:09 IST" depends-on-methods="base.BaseBB.browserLanch" duration-ms="0" status="PASS">
          <reporter-output>
          </reporter-output>
        </test-method> <!-- setup -->
        <test-method is-config="true" signature="testDetails()[pri:0, instance:test.Tc3_createAccount@bccb269]" started-at="2024-11-29T23:26:21 IST" name="testDetails" finished-at="2024-11-29T23:26:21 IST" duration-ms="0" status="PASS">
          <reporter-output>
          </reporter-output>
        </test-method> <!-- testDetails -->
        <test-method signature="createAccount(java.lang.String,java.lang.String,java.lang.String,java.lang.String,java.lang.String,java.lang.String)[pri:3, instance:test.Tc3_createAccount@bccb269]" started-at="2024-11-29T23:26:22 IST" name="createAccount" data-provider="readData" finished-at="2024-11-29T23:26:44 IST" duration-ms="21949" status="PASS">
          <params>
            <param index="0">
              <value>
                <![CDATA[HariHaran]]>
              </value>
            </param>
            <param index="1">
              <value>
                <![CDATA[P]]>
              </value>
            </param>
            <param index="2">
              <value>
                <![CDATA[hariharan1998@gmail.com]]>
              </value>
            </param>
            <param index="3">
              <value>
                <![CDATA[harifz_1998]]>
              </value>
            </param>
            <param index="4">
              <value>
                <![CDATA[harifz_1998]]>
              </value>
            </param>
            <param index="5">
              <value>
                <![CDATA[8760025842]]>
              </value>
            </param>
          </params>
          <reporter-output>
          </reporter-output>
        </test-method> <!-- createAccount -->
      </class> <!-- test.Tc3_createAccount -->
      <class name="test.Tc2_validate">
        <test-method is-config="true" signature="setup()[pri:0, instance:test.Tc2_validate@66d18979]" started-at="2024-11-29T23:26:09 IST" name="setup" finished-at="2024-11-29T23:26:09 IST" depends-on-methods="base.BaseBB.browserLanch" duration-ms="2" status="PASS">
          <reporter-output>
          </reporter-output>
        </test-method> <!-- setup -->
        <test-method is-config="true" signature="testDetails()[pri:0, instance:test.Tc2_validate@66d18979]" started-at="2024-11-29T23:26:09 IST" name="testDetails" finished-at="2024-11-29T23:26:09 IST" duration-ms="2" status="PASS">
          <reporter-output>
          </reporter-output>
        </test-method> <!-- testDetails -->
        <test-method signature="validateUrl()[pri:2, instance:test.Tc2_validate@66d18979]" started-at="2024-11-29T23:26:09 IST" name="validateUrl" finished-at="2024-11-29T23:26:21 IST" duration-ms="11155" status="PASS">
          <reporter-output>
          </reporter-output>
        </test-method> <!-- validateUrl -->
      </class> <!-- test.Tc2_validate -->
      <class name="test.Tc9_CheckOutAndPayment">
        <test-method is-config="true" signature="setup()[pri:0, instance:test.Tc9_CheckOutAndPayment@79d8407f]" started-at="2024-11-29T23:26:09 IST" name="setup" finished-at="2024-11-29T23:26:09 IST" depends-on-methods="base.BaseBB.browserLanch" duration-ms="0" status="PASS">
          <reporter-output>
          </reporter-output>
        </test-method> <!-- setup -->
        <test-method is-config="true" signature="testDetails()[pri:0, instance:test.Tc9_CheckOutAndPayment@79d8407f]" started-at="2024-11-29T23:29:11 IST" name="testDetails" finished-at="2024-11-29T23:29:11 IST" duration-ms="0" status="PASS">
          <reporter-output>
          </reporter-output>
        </test-method> <!-- testDetails -->
        <test-method signature="checkOut(java.lang.String,java.lang.String)[pri:10, instance:test.Tc9_CheckOutAndPayment@79d8407f]" started-at="2024-11-29T23:29:12 IST" name="checkOut" data-provider="readData" finished-at="2024-11-29T23:29:13 IST" duration-ms="1385" status="FAIL">
          <params>
            <param index="0">
              <value>
                <![CDATA[hariparames@gmail.com]]>
              </value>
            </param>
            <param index="1">
              <value>
                <![CDATA[475 896 5874]]>
              </value>
            </param>
          </params>
          <exception class="org.openqa.selenium.ElementClickInterceptedException">
            <message>
              <![CDATA[element click intercepted: Element <button class="c-button-unstyled hamburger-menu-button" type="button" aria-controls="flyout-container" aria-expanded="false" aria-label="Menu">...</button> is not clickable at point (350, 109). Other element would receive the click: <div class="c-modal-window imp-centered-modal active" tabindex="-1" data-testid="centered-modal">...</div>
  (Session info: chrome=131.0.6778.86)
Build info: version: '4.22.0', revision: 'c5f3146703*'
System info: os.name: 'Windows 11', os.arch: 'amd64', os.version: '10.0', java.version: '22.0.1'
Driver info: org.openqa.selenium.chrome.ChromeDriver
Command: [19e2b574e945ea97752560c087682fc4, clickElement {id=f.496C7EB1EF4EEF6064FF032CCC7E024F.d.1F73683784B3F85D583E1DFBD2A62F46.e.1705}]
Capabilities {acceptInsecureCerts: false, browserName: chrome, browserVersion: 131.0.6778.86, chrome: {chromedriverVersion: 131.0.6778.85 (3d81e41b6f3a..., userDataDir: C:\Users\HARIHA~1\AppData\L...}, fedcm:accounts: true, goog:chromeOptions: {debuggerAddress: localhost:53267}, networkConnectionEnabled: false, pageLoadStrategy: normal, platformName: windows, proxy: Proxy(), se:cdp: ws://localhost:53267/devtoo..., se:cdpVersion: 131.0.6778.86, setWindowRect: true, strictFileInteractability: false, timeouts: {implicit: 0, pageLoad: 300000, script: 30000}, unhandledPromptBehavior: dismiss and notify, webauthn:extension:credBlob: true, webauthn:extension:largeBlob: true, webauthn:extension:minPinLength: true, webauthn:extension:prf: true, webauthn:virtualAuthenticators: true}
Element: [[ChromeDriver: chrome on windows (19e2b574e945ea97752560c087682fc4)] -> xpath: //button[@aria-label='Menu']]
Session ID: 19e2b574e945ea97752560c087682fc4]]>
            </message>
            <full-stacktrace>
              <![CDATA[org.openqa.selenium.ElementClickInterceptedException: element click intercepted: Element <button class="c-button-unstyled hamburger-menu-button" type="button" aria-controls="flyout-container" aria-expanded="false" aria-label="Menu">...</button> is not clickable at point (350, 109). Other element would receive the click: <div class="c-modal-window imp-centered-modal active" tabindex="-1" data-testid="centered-modal">...</div>
  (Session info: chrome=131.0.6778.86)
Build info: version: '4.22.0', revision: 'c5f3146703*'
System info: os.name: 'Windows 11', os.arch: 'amd64', os.version: '10.0', java.version: '22.0.1'
Driver info: org.openqa.selenium.chrome.ChromeDriver
Command: [19e2b574e945ea97752560c087682fc4, clickElement {id=f.496C7EB1EF4EEF6064FF032CCC7E024F.d.1F73683784B3F85D583E1DFBD2A62F46.e.1705}]
Capabilities {acceptInsecureCerts: false, browserName: chrome, browserVersion: 131.0.6778.86, chrome: {chromedriverVersion: 131.0.6778.85 (3d81e41b6f3a..., userDataDir: C:\Users\HARIHA~1\AppData\L...}, fedcm:accounts: true, goog:chromeOptions: {debuggerAddress: localhost:53267}, networkConnectionEnabled: false, pageLoadStrategy: normal, platformName: windows, proxy: Proxy(), se:cdp: ws://localhost:53267/devtoo..., se:cdpVersion: 131.0.6778.86, setWindowRect: true, strictFileInteractability: false, timeouts: {implicit: 0, pageLoad: 300000, script: 30000}, unhandledPromptBehavior: dismiss and notify, webauthn:extension:credBlob: true, webauthn:extension:largeBlob: true, webauthn:extension:minPinLength: true, webauthn:extension:prf: true, webauthn:virtualAuthenticators: true}
Element: [[ChromeDriver: chrome on windows (19e2b574e945ea97752560c087682fc4)] -> xpath: //button[@aria-label='Menu']]
Session ID: 19e2b574e945ea97752560c087682fc4
at java.base/jdk.internal.reflect.DirectConstructorHandleAccessor.newInstance(DirectConstructorHandleAccessor.java:62)
at java.base/java.lang.reflect.Constructor.newInstanceWithCaller(Constructor.java:502)
at java.base/java.lang.reflect.Constructor.newInstance(Constructor.java:486)
at org.openqa.selenium.remote.ErrorCodec.decode(ErrorCodec.java:167)
at org.openqa.selenium.remote.codec.w3c.W3CHttpResponseCodec.decode(W3CHttpResponseCodec.java:138)
at org.openqa.selenium.remote.codec.w3c.W3CHttpResponseCodec.decode(W3CHttpResponseCodec.java:50)
at org.openqa.selenium.remote.HttpCommandExecutor.execute(HttpCommandExecutor.java:190)
at org.openqa.selenium.remote.service.DriverCommandExecutor.invokeExecute(DriverCommandExecutor.java:216)
at org.openqa.selenium.remote.service.DriverCommandExecutor.execute(DriverCommandExecutor.java:174)
at org.openqa.selenium.remote.RemoteWebDriver.execute(RemoteWebDriver.java:518)
at org.openqa.selenium.remote.RemoteWebElement.execute(RemoteWebElement.java:223)
at org.openqa.selenium.remote.RemoteWebElement.click(RemoteWebElement.java:76)
at java.base/jdk.internal.reflect.DirectMethodHandleAccessor.invoke(DirectMethodHandleAccessor.java:103)
at java.base/java.lang.reflect.Method.invoke(Method.java:580)
at org.openqa.selenium.support.pagefactory.internal.LocatingElementHandler.invoke(LocatingElementHandler.java:51)
at jdk.proxy2/jdk.proxy2.$Proxy18.click(Unknown Source)
at pages.HomePageBB.selectBrand(HomePageBB.java:141)
at test.Tc9_CheckOutAndPayment.checkOut(Tc9_CheckOutAndPayment.java:29)
at java.base/jdk.internal.reflect.DirectMethodHandleAccessor.invoke(DirectMethodHandleAccessor.java:103)
at java.base/java.lang.reflect.Method.invoke(Method.java:580)
at org.testng.internal.invokers.MethodInvocationHelper.invokeMethod(MethodInvocationHelper.java:141)
at org.testng.internal.invokers.TestInvoker.invokeMethod(TestInvoker.java:686)
at org.testng.internal.invokers.TestInvoker.invokeTestMethod(TestInvoker.java:230)
at org.testng.internal.invokers.MethodRunner.runInSequence(MethodRunner.java:63)
at org.testng.internal.invokers.TestInvoker$MethodInvocationAgent.invoke(TestInvoker.java:992)
at org.testng.internal.invokers.TestInvoker.invokeTestMethods(TestInvoker.java:203)
at org.testng.internal.invokers.TestMethodWorker.invokeTestMethods(TestMethodWorker.java:154)
at org.testng.internal.invokers.TestMethodWorker.run(TestMethodWorker.java:134)
at java.base/java.util.ArrayList.forEach(ArrayList.java:1597)
at org.testng.TestRunner.privateRun(TestRunner.java:739)
at org.testng.TestRunner.run(TestRunner.java:614)
at org.testng.SuiteRunner.runTest(SuiteRunner.java:421)
at org.testng.SuiteRunner.runSequentially(SuiteRunner.java:413)
at org.testng.SuiteRunner.privateRun(SuiteRunner.java:373)
at org.testng.SuiteRunner.run(SuiteRunner.java:312)
at org.testng.SuiteRunnerWorker.runSuite(SuiteRunnerWorker.java:52)
at org.testng.SuiteRunnerWorker.run(SuiteRunnerWorker.java:95)
at org.testng.TestNG.runSuitesSequentially(TestNG.java:1274)
at org.testng.TestNG.runSuitesLocally(TestNG.java:1208)
at org.testng.TestNG.runSuites(TestNG.java:1112)
at org.testng.TestNG.run(TestNG.java:1079)
at org.testng.remote.AbstractRemoteTestNG.run(AbstractRemoteTestNG.java:115)
at org.testng.remote.RemoteTestNG.initAndRun(RemoteTestNG.java:293)
at org.testng.remote.RemoteTestNG.main(RemoteTestNG.java:91)
]]>
            </full-stacktrace>
          </exception> <!-- org.openqa.selenium.ElementClickInterceptedException -->
          <reporter-output>
          </reporter-output>
        </test-method> <!-- checkOut -->
      </class> <!-- test.Tc9_CheckOutAndPayment -->
      <class name="test.Tc7_ShopByDepartment">
        <test-method is-config="true" signature="setup()[pri:0, instance:test.Tc7_ShopByDepartment@158a8276]" started-at="2024-11-29T23:26:09 IST" name="setup" finished-at="2024-11-29T23:26:09 IST" depends-on-methods="base.BaseBB.browserLanch" duration-ms="0" status="PASS">
          <reporter-output>
          </reporter-output>
        </test-method> <!-- setup -->
        <test-method is-config="true" signature="testDetails()[pri:0, instance:test.Tc7_ShopByDepartment@158a8276]" started-at="2024-11-29T23:28:26 IST" name="testDetails" finished-at="2024-11-29T23:28:26 IST" duration-ms="5" status="PASS">
          <reporter-output>
          </reporter-output>
        </test-method> <!-- testDetails -->
        <test-method signature="selectShopByDepartment()[pri:8, instance:test.Tc7_ShopByDepartment@158a8276]" started-at="2024-11-29T23:28:26 IST" name="selectShopByDepartment" finished-at="2024-11-29T23:29:10 IST" duration-ms="43785" status="PASS">
          <reporter-output>
          </reporter-output>
        </test-method> <!-- selectShopByDepartment -->
      </class> <!-- test.Tc7_ShopByDepartment -->
      <class name="test.Tc5_ValidateBottom">
        <test-method is-config="true" signature="setup()[pri:0, instance:test.Tc5_ValidateBottom@7d8704ef]" started-at="2024-11-29T23:26:09 IST" name="setup" finished-at="2024-11-29T23:26:09 IST" depends-on-methods="base.BaseBB.browserLanch" duration-ms="0" status="PASS">
          <reporter-output>
          </reporter-output>
        </test-method> <!-- setup -->
        <test-method signature="bottomLinkTest()[pri:6, instance:test.Tc5_ValidateBottom@7d8704ef]" started-at="2024-11-29T23:27:45 IST" name="bottomLinkTest" finished-at="2024-11-29T23:27:50 IST" duration-ms="5921" status="PASS">
          <reporter-output>
          </reporter-output>
        </test-method> <!-- bottomLinkTest -->
        <test-method is-config="true" signature="testDetails()[pri:0, instance:test.Tc5_ValidateBottom@7d8704ef]" started-at="2024-11-29T23:27:45 IST" name="testDetails" finished-at="2024-11-29T23:27:45 IST" duration-ms="0" status="PASS">
          <reporter-output>
          </reporter-output>
        </test-method> <!-- testDetails -->
      </class> <!-- test.Tc5_ValidateBottom -->
      <class name="test.Tc3_signUp">
        <test-method is-config="true" signature="setup()[pri:0, instance:test.Tc3_signUp@609cd4d8]" started-at="2024-11-29T23:26:09 IST" name="setup" finished-at="2024-11-29T23:26:09 IST" depends-on-methods="base.BaseBB.browserLanch" duration-ms="1" status="PASS">
          <reporter-output>
          </reporter-output>
        </test-method> <!-- setup -->
        <test-method is-config="true" signature="testDetails()[pri:0, instance:test.Tc3_signUp@609cd4d8]" started-at="2024-11-29T23:26:44 IST" name="testDetails" finished-at="2024-11-29T23:26:44 IST" duration-ms="0" status="PASS">
          <reporter-output>
          </reporter-output>
        </test-method> <!-- testDetails -->
        <test-method signature="signUpData(java.lang.String,java.lang.String)[pri:4, instance:test.Tc3_signUp@609cd4d8]" started-at="2024-11-29T23:26:44 IST" name="signUpData" data-provider="readData" finished-at="2024-11-29T23:26:56 IST" duration-ms="11660" status="PASS">
          <params>
            <param index="0">
              <value>
                <![CDATA[hariharan1998@gmail.om]]>
              </value>
            </param>
            <param index="1">
              <value>
                <![CDATA[harifz_1998]]>
              </value>
            </param>
          </params>
          <reporter-output>
          </reporter-output>
        </test-method> <!-- signUpData -->
      </class> <!-- test.Tc3_signUp -->
      <class name="test.Tc8_ShopByBrand">
        <test-method is-config="true" signature="setup()[pri:0, instance:test.Tc8_ShopByBrand@3c3d9b6b]" started-at="2024-11-29T23:26:09 IST" name="setup" finished-at="2024-11-29T23:26:09 IST" depends-on-methods="base.BaseBB.browserLanch" duration-ms="1" status="PASS">
          <reporter-output>
          </reporter-output>
        </test-method> <!-- setup -->
        <test-method signature="selectShopByBrand()[pri:9, instance:test.Tc8_ShopByBrand@3c3d9b6b]" started-at="2024-11-29T23:29:10 IST" name="selectShopByBrand" finished-at="2024-11-29T23:29:11 IST" duration-ms="1461" status="FAIL">
          <exception class="org.openqa.selenium.ElementClickInterceptedException">
            <message>
              <![CDATA[element click intercepted: Element <button class="c-button-unstyled hamburger-menu-button" type="button" aria-controls="flyout-container" aria-expanded="false" aria-label="Menu">...</button> is not clickable at point (350, 109). Other element would receive the click: <div class="c-modal-window imp-centered-modal active" tabindex="-1" data-testid="centered-modal">...</div>
  (Session info: chrome=131.0.6778.86)
Build info: version: '4.22.0', revision: 'c5f3146703*'
System info: os.name: 'Windows 11', os.arch: 'amd64', os.version: '10.0', java.version: '22.0.1'
Driver info: org.openqa.selenium.chrome.ChromeDriver
Command: [19e2b574e945ea97752560c087682fc4, clickElement {id=f.496C7EB1EF4EEF6064FF032CCC7E024F.d.1F73683784B3F85D583E1DFBD2A62F46.e.1705}]
Capabilities {acceptInsecureCerts: false, browserName: chrome, browserVersion: 131.0.6778.86, chrome: {chromedriverVersion: 131.0.6778.85 (3d81e41b6f3a..., userDataDir: C:\Users\HARIHA~1\AppData\L...}, fedcm:accounts: true, goog:chromeOptions: {debuggerAddress: localhost:53267}, networkConnectionEnabled: false, pageLoadStrategy: normal, platformName: windows, proxy: Proxy(), se:cdp: ws://localhost:53267/devtoo..., se:cdpVersion: 131.0.6778.86, setWindowRect: true, strictFileInteractability: false, timeouts: {implicit: 0, pageLoad: 300000, script: 30000}, unhandledPromptBehavior: dismiss and notify, webauthn:extension:credBlob: true, webauthn:extension:largeBlob: true, webauthn:extension:minPinLength: true, webauthn:extension:prf: true, webauthn:virtualAuthenticators: true}
Element: [[ChromeDriver: chrome on windows (19e2b574e945ea97752560c087682fc4)] -> xpath: //button[@aria-label='Menu']]
Session ID: 19e2b574e945ea97752560c087682fc4]]>
            </message>
            <full-stacktrace>
              <![CDATA[org.openqa.selenium.ElementClickInterceptedException: element click intercepted: Element <button class="c-button-unstyled hamburger-menu-button" type="button" aria-controls="flyout-container" aria-expanded="false" aria-label="Menu">...</button> is not clickable at point (350, 109). Other element would receive the click: <div class="c-modal-window imp-centered-modal active" tabindex="-1" data-testid="centered-modal">...</div>
  (Session info: chrome=131.0.6778.86)
Build info: version: '4.22.0', revision: 'c5f3146703*'
System info: os.name: 'Windows 11', os.arch: 'amd64', os.version: '10.0', java.version: '22.0.1'
Driver info: org.openqa.selenium.chrome.ChromeDriver
Command: [19e2b574e945ea97752560c087682fc4, clickElement {id=f.496C7EB1EF4EEF6064FF032CCC7E024F.d.1F73683784B3F85D583E1DFBD2A62F46.e.1705}]
Capabilities {acceptInsecureCerts: false, browserName: chrome, browserVersion: 131.0.6778.86, chrome: {chromedriverVersion: 131.0.6778.85 (3d81e41b6f3a..., userDataDir: C:\Users\HARIHA~1\AppData\L...}, fedcm:accounts: true, goog:chromeOptions: {debuggerAddress: localhost:53267}, networkConnectionEnabled: false, pageLoadStrategy: normal, platformName: windows, proxy: Proxy(), se:cdp: ws://localhost:53267/devtoo..., se:cdpVersion: 131.0.6778.86, setWindowRect: true, strictFileInteractability: false, timeouts: {implicit: 0, pageLoad: 300000, script: 30000}, unhandledPromptBehavior: dismiss and notify, webauthn:extension:credBlob: true, webauthn:extension:largeBlob: true, webauthn:extension:minPinLength: true, webauthn:extension:prf: true, webauthn:virtualAuthenticators: true}
Element: [[ChromeDriver: chrome on windows (19e2b574e945ea97752560c087682fc4)] -> xpath: //button[@aria-label='Menu']]
Session ID: 19e2b574e945ea97752560c087682fc4
at java.base/jdk.internal.reflect.DirectConstructorHandleAccessor.newInstance(DirectConstructorHandleAccessor.java:62)
at java.base/java.lang.reflect.Constructor.newInstanceWithCaller(Constructor.java:502)
at java.base/java.lang.reflect.Constructor.newInstance(Constructor.java:486)
at org.openqa.selenium.remote.ErrorCodec.decode(ErrorCodec.java:167)
at org.openqa.selenium.remote.codec.w3c.W3CHttpResponseCodec.decode(W3CHttpResponseCodec.java:138)
at org.openqa.selenium.remote.codec.w3c.W3CHttpResponseCodec.decode(W3CHttpResponseCodec.java:50)
at org.openqa.selenium.remote.HttpCommandExecutor.execute(HttpCommandExecutor.java:190)
at org.openqa.selenium.remote.service.DriverCommandExecutor.invokeExecute(DriverCommandExecutor.java:216)
at org.openqa.selenium.remote.service.DriverCommandExecutor.execute(DriverCommandExecutor.java:174)
at org.openqa.selenium.remote.RemoteWebDriver.execute(RemoteWebDriver.java:518)
at org.openqa.selenium.remote.RemoteWebElement.execute(RemoteWebElement.java:223)
at org.openqa.selenium.remote.RemoteWebElement.click(RemoteWebElement.java:76)
at java.base/jdk.internal.reflect.DirectMethodHandleAccessor.invoke(DirectMethodHandleAccessor.java:103)
at java.base/java.lang.reflect.Method.invoke(Method.java:580)
at org.openqa.selenium.support.pagefactory.internal.LocatingElementHandler.invoke(LocatingElementHandler.java:51)
at jdk.proxy2/jdk.proxy2.$Proxy18.click(Unknown Source)
at pages.HomePageBB.selectBrand(HomePageBB.java:141)
at test.Tc8_ShopByBrand.selectShopByBrand(Tc8_ShopByBrand.java:27)
at java.base/jdk.internal.reflect.DirectMethodHandleAccessor.invoke(DirectMethodHandleAccessor.java:103)
at java.base/java.lang.reflect.Method.invoke(Method.java:580)
at org.testng.internal.invokers.MethodInvocationHelper.invokeMethod(MethodInvocationHelper.java:141)
at org.testng.internal.invokers.TestInvoker.invokeMethod(TestInvoker.java:686)
at org.testng.internal.invokers.TestInvoker.invokeTestMethod(TestInvoker.java:230)
at org.testng.internal.invokers.MethodRunner.runInSequence(MethodRunner.java:63)
at org.testng.internal.invokers.TestInvoker$MethodInvocationAgent.invoke(TestInvoker.java:992)
at org.testng.internal.invokers.TestInvoker.invokeTestMethods(TestInvoker.java:203)
at org.testng.internal.invokers.TestMethodWorker.invokeTestMethods(TestMethodWorker.java:154)
at org.testng.internal.invokers.TestMethodWorker.run(TestMethodWorker.java:134)
at java.base/java.util.ArrayList.forEach(ArrayList.java:1597)
at org.testng.TestRunner.privateRun(TestRunner.java:739)
at org.testng.TestRunner.run(TestRunner.java:614)
at org.testng.SuiteRunner.runTest(SuiteRunner.java:421)
at org.testng.SuiteRunner.runSequentially(SuiteRunner.java:413)
at org.testng.SuiteRunner.privateRun(SuiteRunner.java:373)
at org.testng.SuiteRunner.run(SuiteRunner.java:312)
at org.testng.SuiteRunnerWorker.runSuite(SuiteRunnerWorker.java:52)
at org.testng.SuiteRunnerWorker.run(SuiteRunnerWorker.java:95)
at org.testng.TestNG.runSuitesSequentially(TestNG.java:1274)
at org.testng.TestNG.runSuitesLocally(TestNG.java:1208)
at org.testng.TestNG.runSuites(TestNG.java:1112)
at org.testng.TestNG.run(TestNG.java:1079)
at org.testng.remote.AbstractRemoteTestNG.run(AbstractRemoteTestNG.java:115)
at org.testng.remote.RemoteTestNG.initAndRun(RemoteTestNG.java:293)
at org.testng.remote.RemoteTestNG.main(RemoteTestNG.java:91)
]]>
            </full-stacktrace>
          </exception> <!-- org.openqa.selenium.ElementClickInterceptedException -->
          <reporter-output>
          </reporter-output>
        </test-method> <!-- selectShopByBrand -->
        <test-method is-config="true" signature="testDetails()[pri:0, instance:test.Tc8_ShopByBrand@3c3d9b6b]" started-at="2024-11-29T23:29:10 IST" name="testDetails" finished-at="2024-11-29T23:29:10 IST" duration-ms="0" status="PASS">
          <reporter-output>
          </reporter-output>
        </test-method> <!-- testDetails -->
      </class> <!-- test.Tc8_ShopByBrand -->
    </test> <!-- Test -->
  </suite> <!-- Suite -->
</testng-results>
